<?xml version="1.0" encoding="UTF-8"?>
<!-- Generated by org.testng.reporters.JUnitXMLReporter -->
<testsuite hostname="DESKTOP-U8L3MKN" ignored="0" name="Default test" tests="4" failures="0" timestamp="15 Apr 2018 14:29:40 GMT" time="26.392" errors="0">
  <testcase name="VerifyBankTitle" time="0.052" classname="SundayPackage.MyTestNG"/>
  <testcase name="Login" time="1.148" classname="SundayPackage.MyTestNG"/>
  <testcase name="AddNewCustomer" time="6.327" classname="SundayPackage.MyTestNG"/>
  <testcase name="Quit" time="5.495" classname="SundayPackage.MyTestNG"/>
</testsuite> <!-- Default test -->
