<?xml version="1.0" encoding="UTF-8"?>
<testng-results skipped="0" failed="0" ignored="0" total="4" passed="4">
  <reporter-output>
  </reporter-output>
  <suite name="Default suite" duration-ms="26392" started-at="2018-04-15T14:29:14Z" finished-at="2018-04-15T14:29:40Z">
    <groups>
    </groups>
    <test name="Default test" duration-ms="26392" started-at="2018-04-15T14:29:14Z" finished-at="2018-04-15T14:29:40Z">
      <class name="SundayPackage.MyTestNG">
        <test-method status="PASS" signature="setUpbrowserFirst()[pri:0, instance:SundayPackage.MyTestNG@4493d195]" name="setUpbrowserFirst" is-config="true" duration-ms="13327" started-at="2018-04-15T14:29:14Z" finished-at="2018-04-15T14:29:27Z">
          <reporter-output>
          </reporter-output>
        </test-method> <!-- setUpbrowserFirst -->
        <test-method status="PASS" signature="VerifyBankTitle()[pri:0, instance:SundayPackage.MyTestNG@4493d195]" name="VerifyBankTitle" duration-ms="52" started-at="2018-04-15T14:29:27Z" finished-at="2018-04-15T14:29:27Z">
          <reporter-output>
          </reporter-output>
        </test-method> <!-- VerifyBankTitle -->
        <test-method status="PASS" signature="Login()[pri:1, instance:SundayPackage.MyTestNG@4493d195]" name="Login" duration-ms="1148" started-at="2018-04-15T14:29:27Z" finished-at="2018-04-15T14:29:28Z">
          <reporter-output>
          </reporter-output>
        </test-method> <!-- Login -->
        <test-method status="PASS" signature="AddNewCustomer()[pri:2, instance:SundayPackage.MyTestNG@4493d195]" name="AddNewCustomer" duration-ms="6327" started-at="2018-04-15T14:29:28Z" finished-at="2018-04-15T14:29:34Z">
          <reporter-output>
          </reporter-output>
        </test-method> <!-- AddNewCustomer -->
        <test-method status="PASS" signature="Quit()[pri:3, instance:SundayPackage.MyTestNG@4493d195]" name="Quit" duration-ms="5495" started-at="2018-04-15T14:29:34Z" finished-at="2018-04-15T14:29:40Z">
          <reporter-output>
          </reporter-output>
        </test-method> <!-- Quit -->
      </class> <!-- SundayPackage.MyTestNG -->
    </test> <!-- Default test -->
  </suite> <!-- Default suite -->
</testng-results>
